{"contracts\\EEAClaimsIssuer.sol":{"l":{"49":4,"54":5,"55":5,"59":2,"60":2,"65":3,"66":3,"70":2,"71":2},"path":"C:/Users/MA/Documents/GitHub/Trusted-Token/contracts/EEAClaimsIssuer.sol","s":{"1":4,"2":5,"3":5,"4":2,"5":2,"6":3,"7":3,"8":2,"9":2},"b":{},"f":{"1":4,"2":5,"3":2,"4":3,"5":2},"fnMap":{"1":{"name":"constructor","line":47,"loc":{"start":{"line":47,"column":4},"end":{"line":47,"column":45}}},"2":{"name":"setMembershipClaim","line":53,"loc":{"start":{"line":53,"column":4},"end":{"line":53,"column":68}}},"3":{"name":"revokeMembership","line":58,"loc":{"start":{"line":58,"column":4},"end":{"line":58,"column":66}}},"4":{"name":"setClaim","line":64,"loc":{"start":{"line":64,"column":4},"end":{"line":64,"column":81}}},"5":{"name":"removeClaim","line":69,"loc":{"start":{"line":69,"column":4},"end":{"line":69,"column":69}}}},"statementMap":{"1":{"start":{"line":49,"column":8},"end":{"line":49,"column":63}},"2":{"start":{"line":54,"column":8},"end":{"line":54,"column":124}},"3":{"start":{"line":55,"column":8},"end":{"line":55,"column":59}},"4":{"start":{"line":59,"column":8},"end":{"line":59,"column":105}},"5":{"start":{"line":60,"column":8},"end":{"line":60,"column":61}},"6":{"start":{"line":65,"column":8},"end":{"line":65,"column":51}},"7":{"start":{"line":66,"column":8},"end":{"line":66,"column":61}},"8":{"start":{"line":70,"column":8},"end":{"line":70,"column":62}},"9":{"start":{"line":71,"column":8},"end":{"line":71,"column":56}}},"branchMap":{}},"contracts\\EEAOperator.sol":{"l":{"78":3,"79":3,"80":3,"88":2,"89":2,"90":2,"98":4,"99":4,"100":4,"101":4,"102":4,"103":12,"104":12,"105":12,"106":12,"107":6,"110":6,"121":19,"122":13,"125":9,"128":9,"129":9,"132":9,"133":9,"134":9,"140":4,"141":4,"142":4,"143":4,"144":4,"145":12,"146":12,"147":12,"148":12,"149":6,"152":6,"162":11,"163":9,"165":9,"168":9,"169":9,"170":9,"173":9,"174":9,"175":9,"178":9,"179":9,"180":9,"186":4,"187":4,"193":4,"194":4,"202":2,"203":2,"208":0,"213":40,"214":40,"215":30,"220":54,"221":40},"path":"C:/Users/MA/Documents/GitHub/Trusted-Token/contracts/EEAOperator.sol","s":{"1":3,"2":3,"3":3,"4":2,"5":2,"6":2,"7":4,"8":4,"9":4,"10":4,"11":4,"12":12,"13":12,"14":12,"15":12,"16":6,"17":6,"18":19,"19":13,"20":9,"21":9,"22":9,"23":9,"24":9,"25":9,"26":4,"27":4,"28":4,"29":4,"30":4,"31":12,"32":12,"33":12,"34":12,"35":6,"36":6,"37":11,"38":9,"39":9,"40":9,"41":9,"42":9,"43":9,"44":9,"45":9,"46":9,"47":9,"48":9,"49":4,"50":4,"51":4,"52":4,"53":2,"54":2,"55":0,"56":40,"57":40,"58":30,"59":54,"60":40},"b":{"1":[4,0],"2":[6,6],"3":[13,6],"4":[9,4],"5":[4,0],"6":[6,6],"7":[9,2],"8":[9,0],"9":[30,10],"10":[40,14]},"f":{"1":3,"2":2,"3":4,"4":19,"5":4,"6":11,"7":4,"8":4,"9":2,"10":0,"11":40,"12":54},"fnMap":{"1":{"name":"constructor","line":73,"loc":{"start":{"line":73,"column":2},"end":{"line":75,"column":32}}},"2":{"name":"registerTokens","line":84,"loc":{"start":{"line":84,"column":2},"end":{"line":87,"column":3}}},"3":{"name":"batchMintRewards","line":95,"loc":{"start":{"line":95,"column":2},"end":{"line":97,"column":3}}},"4":{"name":"mintRewards","line":119,"loc":{"start":{"line":119,"column":2},"end":{"line":120,"column":3}}},"5":{"name":"batchMintPenalties","line":137,"loc":{"start":{"line":137,"column":2},"end":{"line":139,"column":3}}},"6":{"name":"mintPenalties","line":160,"loc":{"start":{"line":160,"column":2},"end":{"line":161,"column":3}}},"7":{"name":"burnPenalties","line":184,"loc":{"start":{"line":184,"column":2},"end":{"line":185,"column":3}}},"8":{"name":"burnRewards","line":191,"loc":{"start":{"line":191,"column":2},"end":{"line":192,"column":3}}},"9":{"name":"burnAll","line":200,"loc":{"start":{"line":200,"column":2},"end":{"line":201,"column":3}}},"10":{"name":"balance","line":206,"loc":{"start":{"line":206,"column":2},"end":{"line":207,"column":3}}},"11":{"name":"_memberCheck","line":212,"loc":{"start":{"line":212,"column":2},"end":{"line":212,"column":68}}},"12":{"name":"_orgCheck","line":219,"loc":{"start":{"line":219,"column":2},"end":{"line":219,"column":87}}}},"statementMap":{"1":{"start":{"line":78,"column":4},"end":{"line":78,"column":50}},"2":{"start":{"line":79,"column":4},"end":{"line":79,"column":59}},"3":{"start":{"line":80,"column":4},"end":{"line":80,"column":42}},"4":{"start":{"line":88,"column":4},"end":{"line":88,"column":45}},"5":{"start":{"line":89,"column":4},"end":{"line":89,"column":42}},"6":{"start":{"line":90,"column":4},"end":{"line":90,"column":54}},"7":{"start":{"line":98,"column":6},"end":{"line":98,"column":124}},"8":{"start":{"line":99,"column":6},"end":{"line":99,"column":26}},"9":{"start":{"line":100,"column":6},"end":{"line":100,"column":21}},"10":{"start":{"line":101,"column":6},"end":{"line":101,"column":20}},"11":{"start":{"line":102,"column":6},"end":{"line":102,"column":2496}},"12":{"start":{"line":103,"column":10},"end":{"line":103,"column":40}},"13":{"start":{"line":104,"column":10},"end":{"line":104,"column":30}},"14":{"start":{"line":105,"column":10},"end":{"line":105,"column":28}},"15":{"start":{"line":106,"column":10},"end":{"line":106,"column":2739}},"16":{"start":{"line":107,"column":12},"end":{"line":107,"column":60}},"17":{"start":{"line":110,"column":12},"end":{"line":110,"column":62}},"18":{"start":{"line":121,"column":4},"end":{"line":121,"column":85}},"19":{"start":{"line":122,"column":4},"end":{"line":122,"column":64}},"20":{"start":{"line":125,"column":4},"end":{"line":125,"column":66}},"21":{"start":{"line":128,"column":4},"end":{"line":128,"column":67}},"22":{"start":{"line":129,"column":4},"end":{"line":129,"column":71}},"23":{"start":{"line":132,"column":4},"end":{"line":132,"column":56}},"24":{"start":{"line":133,"column":4},"end":{"line":133,"column":58}},"25":{"start":{"line":134,"column":4},"end":{"line":134,"column":61}},"26":{"start":{"line":140,"column":6},"end":{"line":140,"column":124}},"27":{"start":{"line":141,"column":6},"end":{"line":141,"column":26}},"28":{"start":{"line":142,"column":6},"end":{"line":142,"column":21}},"29":{"start":{"line":143,"column":6},"end":{"line":143,"column":20}},"30":{"start":{"line":144,"column":6},"end":{"line":144,"column":4162}},"31":{"start":{"line":145,"column":10},"end":{"line":145,"column":40}},"32":{"start":{"line":146,"column":10},"end":{"line":146,"column":30}},"33":{"start":{"line":147,"column":10},"end":{"line":147,"column":28}},"34":{"start":{"line":148,"column":10},"end":{"line":148,"column":4405}},"35":{"start":{"line":149,"column":12},"end":{"line":149,"column":62}},"36":{"start":{"line":152,"column":12},"end":{"line":152,"column":62}},"37":{"start":{"line":162,"column":4},"end":{"line":162,"column":85}},"38":{"start":{"line":163,"column":4},"end":{"line":163,"column":64}},"39":{"start":{"line":165,"column":4},"end":{"line":165,"column":68}},"40":{"start":{"line":168,"column":4},"end":{"line":168,"column":66}},"41":{"start":{"line":169,"column":4},"end":{"line":169,"column":87}},"42":{"start":{"line":170,"column":4},"end":{"line":170,"column":77}},"43":{"start":{"line":173,"column":4},"end":{"line":173,"column":74}},"44":{"start":{"line":174,"column":4},"end":{"line":174,"column":96}},"45":{"start":{"line":175,"column":4},"end":{"line":175,"column":85}},"46":{"start":{"line":178,"column":4},"end":{"line":178,"column":60}},"47":{"start":{"line":179,"column":4},"end":{"line":179,"column":75}},"48":{"start":{"line":180,"column":4},"end":{"line":180,"column":67}},"49":{"start":{"line":186,"column":4},"end":{"line":186,"column":68}},"50":{"start":{"line":187,"column":4},"end":{"line":187,"column":60}},"51":{"start":{"line":193,"column":4},"end":{"line":193,"column":67}},"52":{"start":{"line":194,"column":4},"end":{"line":194,"column":58}},"53":{"start":{"line":202,"column":4},"end":{"line":202,"column":90}},"54":{"start":{"line":203,"column":4},"end":{"line":203,"column":87}},"55":{"start":{"line":208,"column":4},"end":{"line":208,"column":112}},"56":{"start":{"line":213,"column":6},"end":{"line":213,"column":116}},"57":{"start":{"line":214,"column":6},"end":{"line":214,"column":7213}},"58":{"start":{"line":215,"column":10},"end":{"line":215,"column":21}},"59":{"start":{"line":220,"column":6},"end":{"line":220,"column":7402}},"60":{"start":{"line":221,"column":10},"end":{"line":221,"column":21}}},"branchMap":{"1":{"line":98,"type":"if","locations":[{"start":{"line":98,"column":6},"end":{"line":98,"column":6}},{"start":{"line":98,"column":6},"end":{"line":98,"column":6}}]},"2":{"line":106,"type":"if","locations":[{"start":{"line":106,"column":10},"end":{"line":106,"column":10}},{"start":{"line":106,"column":10},"end":{"line":106,"column":10}}]},"3":{"line":121,"type":"if","locations":[{"start":{"line":121,"column":4},"end":{"line":121,"column":4}},{"start":{"line":121,"column":4},"end":{"line":121,"column":4}}]},"4":{"line":122,"type":"if","locations":[{"start":{"line":122,"column":4},"end":{"line":122,"column":4}},{"start":{"line":122,"column":4},"end":{"line":122,"column":4}}]},"5":{"line":140,"type":"if","locations":[{"start":{"line":140,"column":6},"end":{"line":140,"column":6}},{"start":{"line":140,"column":6},"end":{"line":140,"column":6}}]},"6":{"line":148,"type":"if","locations":[{"start":{"line":148,"column":10},"end":{"line":148,"column":10}},{"start":{"line":148,"column":10},"end":{"line":148,"column":10}}]},"7":{"line":162,"type":"if","locations":[{"start":{"line":162,"column":4},"end":{"line":162,"column":4}},{"start":{"line":162,"column":4},"end":{"line":162,"column":4}}]},"8":{"line":163,"type":"if","locations":[{"start":{"line":163,"column":4},"end":{"line":163,"column":4}},{"start":{"line":163,"column":4},"end":{"line":163,"column":4}}]},"9":{"line":214,"type":"if","locations":[{"start":{"line":214,"column":6},"end":{"line":214,"column":6}},{"start":{"line":214,"column":6},"end":{"line":214,"column":6}}]},"10":{"line":220,"type":"if","locations":[{"start":{"line":220,"column":6},"end":{"line":220,"column":6}},{"start":{"line":220,"column":6},"end":{"line":220,"column":6}}]}}},"contracts\\EEATransferableToken.sol":{"l":{"21":0,"22":0,"23":0,"34":3,"35":3,"36":3},"path":"C:/Users/MA/Documents/GitHub/Trusted-Token/contracts/EEATransferableToken.sol","s":{"1":0,"2":0,"3":0,"4":3,"5":3,"6":3},"b":{"1":[0,0]},"f":{"1":0,"2":3},"fnMap":{"1":{"name":"_memberCheck","line":20,"loc":{"start":{"line":20,"column":4},"end":{"line":20,"column":68}}},"2":{"name":"constructor","line":29,"loc":{"start":{"line":29,"column":2},"end":{"line":31,"column":32}}}},"statementMap":{"1":{"start":{"line":21,"column":8},"end":{"line":21,"column":109}},"2":{"start":{"line":22,"column":8},"end":{"line":22,"column":527}},"3":{"start":{"line":23,"column":12},"end":{"line":23,"column":23}},"4":{"start":{"line":34,"column":4},"end":{"line":34,"column":50}},"5":{"start":{"line":35,"column":4},"end":{"line":35,"column":59}},"6":{"start":{"line":36,"column":4},"end":{"line":36,"column":25}}},"branchMap":{"1":{"line":22,"type":"if","locations":[{"start":{"line":22,"column":8},"end":{"line":22,"column":8}},{"start":{"line":22,"column":8},"end":{"line":22,"column":8}}]}}},"contracts\\EthereumClaimsRegistry.sol":{"l":{"26":8,"27":8,"31":0,"35":44,"39":4,"40":4,"41":4},"path":"C:/Users/MA/Documents/GitHub/Trusted-Token/contracts/EthereumClaimsRegistry.sol","s":{"1":8,"2":8,"3":0,"4":44,"5":4,"6":4},"b":{"1":[4,0]},"f":{"1":8,"2":0,"3":44,"4":4},"fnMap":{"1":{"name":"setClaim","line":25,"loc":{"start":{"line":25,"column":4},"end":{"line":25,"column":71}}},"2":{"name":"setSelfClaim","line":30,"loc":{"start":{"line":30,"column":4},"end":{"line":30,"column":58}}},"3":{"name":"getClaim","line":34,"loc":{"start":{"line":34,"column":4},"end":{"line":34,"column":94}}},"4":{"name":"removeClaim","line":38,"loc":{"start":{"line":38,"column":4},"end":{"line":38,"column":75}}}},"statementMap":{"1":{"start":{"line":26,"column":8},"end":{"line":26,"column":49}},"2":{"start":{"line":27,"column":8},"end":{"line":27,"column":59}},"3":{"start":{"line":31,"column":8},"end":{"line":31,"column":39}},"4":{"start":{"line":35,"column":8},"end":{"line":35,"column":45}},"5":{"start":{"line":39,"column":8},"end":{"line":39,"column":73}},"6":{"start":{"line":41,"column":8},"end":{"line":41,"column":56}}},"branchMap":{"1":{"line":39,"type":"if","locations":[{"start":{"line":39,"column":8},"end":{"line":39,"column":8}},{"start":{"line":39,"column":8},"end":{"line":39,"column":8}}]}}},"contracts\\EthereumDIDRegistry.sol":{"l":{"16":4,"17":4,"43":4,"44":4,"45":0,"47":4,"51":0,"52":0,"53":0,"54":0,"58":54,"59":54,"63":0,"64":0,"65":0,"69":0,"73":0,"74":0,"79":4,"80":4,"81":4,"85":4,"90":0,"92":0,"96":0,"97":0,"98":0,"102":0,"106":0,"108":0,"112":0,"113":0,"117":0,"121":0,"123":0,"127":0,"128":0,"132":0,"136":0,"138":0},"path":"C:/Users/MA/Documents/GitHub/Trusted-Token/contracts/EthereumDIDRegistry.sol","s":{"1":4,"2":4,"3":4,"4":0,"5":4,"6":0,"7":0,"8":0,"9":54,"10":54,"11":0,"12":0,"13":0,"14":0,"15":0,"16":0,"17":4,"18":4,"19":4,"20":4,"21":0,"22":0,"23":0,"24":0,"25":0,"26":0,"27":0,"28":0,"29":0,"30":0,"31":0,"32":0,"33":0,"34":0,"35":0,"36":0,"37":0,"38":0},"b":{"1":[4,0],"2":[0,4],"3":[0,0]},"f":{"1":4,"2":4,"3":0,"4":54,"5":0,"6":0,"7":0,"8":4,"9":4,"10":0,"11":0,"12":0,"13":0,"14":0,"15":0,"16":0,"17":0,"18":0,"19":0},"fnMap":{"1":{"name":"onlyOwner","line":15,"loc":{"start":{"line":15,"column":2},"end":{"line":15,"column":53}}},"2":{"name":"identityOwner","line":42,"loc":{"start":{"line":42,"column":2},"end":{"line":42,"column":71}}},"3":{"name":"checkSignature","line":50,"loc":{"start":{"line":50,"column":2},"end":{"line":50,"column":123}}},"4":{"name":"validDelegate","line":57,"loc":{"start":{"line":57,"column":2},"end":{"line":57,"column":108}}},"5":{"name":"changeOwner","line":62,"loc":{"start":{"line":62,"column":2},"end":{"line":62,"column":109}}},"6":{"name":"changeOwner","line":68,"loc":{"start":{"line":68,"column":2},"end":{"line":68,"column":65}}},"7":{"name":"changeOwnerSigned","line":72,"loc":{"start":{"line":72,"column":2},"end":{"line":72,"column":111}}},"8":{"name":"addDelegate","line":77,"loc":{"start":{"line":77,"column":2},"end":{"line":78,"column":41}}},"9":{"name":"addDelegate","line":84,"loc":{"start":{"line":84,"column":2},"end":{"line":84,"column":102}}},"10":{"name":"addDelegateSigned","line":88,"loc":{"start":{"line":88,"column":2},"end":{"line":89,"column":12}}},"11":{"name":"revokeDelegate","line":95,"loc":{"start":{"line":95,"column":2},"end":{"line":95,"column":134}}},"12":{"name":"revokeDelegate","line":101,"loc":{"start":{"line":101,"column":2},"end":{"line":101,"column":90}}},"13":{"name":"revokeDelegateSigned","line":105,"loc":{"start":{"line":105,"column":2},"end":{"line":105,"column":136}}},"14":{"name":"setAttribute","line":111,"loc":{"start":{"line":111,"column":2},"end":{"line":111,"column":142}}},"15":{"name":"setAttribute","line":116,"loc":{"start":{"line":116,"column":2},"end":{"line":116,"column":97}}},"16":{"name":"setAttributeSigned","line":120,"loc":{"start":{"line":120,"column":2},"end":{"line":120,"column":143}}},"17":{"name":"revokeAttribute","line":126,"loc":{"start":{"line":126,"column":2},"end":{"line":126,"column":130}}},"18":{"name":"revokeAttribute","line":131,"loc":{"start":{"line":131,"column":2},"end":{"line":131,"column":85}}},"19":{"name":"revokeAttributeSigned","line":135,"loc":{"start":{"line":135,"column":1},"end":{"line":135,"column":131}}}},"statementMap":{"1":{"start":{"line":16,"column":4},"end":{"line":16,"column":75}},"2":{"start":{"line":43,"column":5},"end":{"line":43,"column":37}},"3":{"start":{"line":44,"column":5},"end":{"line":44,"column":1037}},"4":{"start":{"line":45,"column":7},"end":{"line":45,"column":19}},"5":{"start":{"line":47,"column":5},"end":{"line":47,"column":20}},"6":{"start":{"line":51,"column":4},"end":{"line":51,"column":54}},"7":{"start":{"line":52,"column":4},"end":{"line":52,"column":75}},"8":{"start":{"line":54,"column":4},"end":{"line":54,"column":17}},"9":{"start":{"line":58,"column":4},"end":{"line":58,"column":92}},"10":{"start":{"line":59,"column":4},"end":{"line":59,"column":27}},"11":{"start":{"line":63,"column":4},"end":{"line":63,"column":30}},"12":{"start":{"line":64,"column":4},"end":{"line":64,"column":63}},"13":{"start":{"line":65,"column":4},"end":{"line":65,"column":35}},"14":{"start":{"line":69,"column":4},"end":{"line":69,"column":46}},"15":{"start":{"line":73,"column":4},"end":{"line":73,"column":140}},"16":{"start":{"line":74,"column":4},"end":{"line":74,"column":84}},"17":{"start":{"line":79,"column":4},"end":{"line":79,"column":92}},"18":{"start":{"line":80,"column":4},"end":{"line":80,"column":96}},"19":{"start":{"line":81,"column":4},"end":{"line":81,"column":35}},"20":{"start":{"line":85,"column":4},"end":{"line":85,"column":70}},"21":{"start":{"line":90,"column":4},"end":{"line":90,"column":3219}},"22":{"start":{"line":92,"column":4},"end":{"line":92,"column":108}},"23":{"start":{"line":96,"column":4},"end":{"line":96,"column":81}},"24":{"start":{"line":97,"column":4},"end":{"line":97,"column":85}},"25":{"start":{"line":98,"column":4},"end":{"line":98,"column":35}},"26":{"start":{"line":102,"column":4},"end":{"line":102,"column":63}},"27":{"start":{"line":106,"column":4},"end":{"line":106,"column":4168}},"28":{"start":{"line":108,"column":4},"end":{"line":108,"column":101}},"29":{"start":{"line":112,"column":4},"end":{"line":112,"column":86}},"30":{"start":{"line":113,"column":4},"end":{"line":113,"column":35}},"31":{"start":{"line":117,"column":4},"end":{"line":117,"column":60}},"32":{"start":{"line":121,"column":4},"end":{"line":121,"column":5042}},"33":{"start":{"line":123,"column":4},"end":{"line":123,"column":98}},"34":{"start":{"line":127,"column":4},"end":{"line":127,"column":73}},"35":{"start":{"line":128,"column":4},"end":{"line":128,"column":35}},"36":{"start":{"line":132,"column":4},"end":{"line":132,"column":53}},"37":{"start":{"line":136,"column":4},"end":{"line":136,"column":5849}},"38":{"start":{"line":138,"column":4},"end":{"line":138,"column":91}}},"branchMap":{"1":{"line":16,"type":"if","locations":[{"start":{"line":16,"column":4},"end":{"line":16,"column":4}},{"start":{"line":16,"column":4},"end":{"line":16,"column":4}}]},"2":{"line":44,"type":"if","locations":[{"start":{"line":44,"column":5},"end":{"line":44,"column":5}},{"start":{"line":44,"column":5},"end":{"line":44,"column":5}}]},"3":{"line":52,"type":"if","locations":[{"start":{"line":52,"column":4},"end":{"line":52,"column":4}},{"start":{"line":52,"column":4},"end":{"line":52,"column":4}}]}}},"contracts\\ModifiedERC777.sol":{"l":{"71":3,"72":3,"74":3,"75":3,"76":5,"80":3,"81":3,"88":0,"95":0,"105":0,"114":0,"121":0,"128":15,"137":0,"149":0,"151":0,"153":0,"155":0,"157":0,"159":0,"168":0,"178":13,"187":0,"189":0,"190":0,"192":0,"195":0,"202":0,"204":0,"205":0,"207":0,"210":0,"217":0,"234":0,"235":0,"244":4,"245":4,"256":0,"265":0,"266":0,"267":0,"280":0,"281":0,"283":0,"285":0,"287":0,"288":0,"290":0,"292":0,"321":9,"324":9,"325":9,"327":9,"329":9,"330":9,"354":0,"355":0,"357":0,"359":0,"361":0,"381":4,"383":4,"386":4,"387":4,"389":4,"390":4,"403":0,"404":0,"406":0,"407":0,"414":0,"416":0,"417":0,"439":4,"440":4,"441":0,"467":9,"468":9,"469":0,"471":9},"path":"C:/Users/MA/Documents/GitHub/Trusted-Token/contracts/ModifiedERC777.sol","s":{"1":3,"2":3,"3":3,"4":3,"5":5,"6":3,"7":3,"8":0,"9":0,"10":0,"11":0,"12":0,"13":15,"14":0,"15":0,"16":0,"17":0,"18":0,"19":0,"20":0,"21":0,"22":13,"23":0,"24":0,"25":0,"26":0,"27":0,"28":0,"29":0,"30":0,"31":0,"32":0,"33":0,"34":4,"35":4,"36":0,"37":0,"38":0,"39":0,"40":0,"41":0,"42":0,"43":0,"44":0,"45":0,"46":0,"47":0,"48":9,"49":9,"50":9,"51":9,"52":9,"53":9,"54":0,"55":0,"56":0,"57":0,"58":0,"59":4,"60":4,"61":4,"62":4,"63":4,"64":4,"65":0,"66":0,"67":0,"68":0,"69":0,"70":0,"71":0,"72":4,"73":4,"74":0,"75":9,"76":9,"77":0,"78":9,"79":9},"b":{"1":[0,0],"2":[0,0],"3":[0,0],"4":[0,0],"5":[0,0],"6":[0,0],"7":[4,0],"8":[0,0],"9":[0,0],"10":[9,0],"11":[0,0],"12":[0,0],"13":[4,0],"14":[0,0],"15":[0,4],"16":[0,9],"17":[9,0],"18":[9,0]},"f":{"1":3,"2":0,"3":0,"4":0,"5":0,"6":0,"7":15,"8":0,"9":0,"10":0,"11":13,"12":0,"13":0,"14":0,"15":0,"16":4,"17":0,"18":0,"19":0,"20":9,"21":0,"22":4,"23":0,"24":0,"25":4,"26":9},"fnMap":{"1":{"name":"constructor","line":66,"loc":{"start":{"line":66,"column":4},"end":{"line":70,"column":14}}},"2":{"name":"name","line":87,"loc":{"start":{"line":87,"column":4},"end":{"line":87,"column":53}}},"3":{"name":"symbol","line":94,"loc":{"start":{"line":94,"column":4},"end":{"line":94,"column":55}}},"4":{"name":"decimals","line":104,"loc":{"start":{"line":104,"column":4},"end":{"line":104,"column":49}}},"5":{"name":"granularity","line":113,"loc":{"start":{"line":113,"column":4},"end":{"line":113,"column":54}}},"6":{"name":"totalSupply","line":120,"loc":{"start":{"line":120,"column":4},"end":{"line":120,"column":54}}},"7":{"name":"balanceOf","line":127,"loc":{"start":{"line":127,"column":4},"end":{"line":127,"column":71}}},"8":{"name":"send","line":136,"loc":{"start":{"line":136,"column":4},"end":{"line":136,"column":76}}},"9":{"name":"transfer","line":148,"loc":{"start":{"line":148,"column":4},"end":{"line":148,"column":76}}},"10":{"name":"burn","line":167,"loc":{"start":{"line":167,"column":4},"end":{"line":167,"column":61}}},"11":{"name":"isOperatorFor","line":174,"loc":{"start":{"line":174,"column":4},"end":{"line":177,"column":34}}},"12":{"name":"authorizeOperator","line":186,"loc":{"start":{"line":186,"column":4},"end":{"line":186,"column":55}}},"13":{"name":"revokeOperator","line":201,"loc":{"start":{"line":201,"column":4},"end":{"line":201,"column":52}}},"14":{"name":"defaultOperators","line":216,"loc":{"start":{"line":216,"column":4},"end":{"line":216,"column":68}}},"15":{"name":"operatorSend","line":225,"loc":{"start":{"line":225,"column":4},"end":{"line":233,"column":5}}},"16":{"name":"operatorBurn","line":243,"loc":{"start":{"line":243,"column":4},"end":{"line":243,"column":115}}},"17":{"name":"allowance","line":255,"loc":{"start":{"line":255,"column":4},"end":{"line":255,"column":83}}},"18":{"name":"approve","line":264,"loc":{"start":{"line":264,"column":4},"end":{"line":264,"column":74}}},"19":{"name":"transferFrom","line":279,"loc":{"start":{"line":279,"column":4},"end":{"line":279,"column":96}}},"20":{"name":"_mint","line":312,"loc":{"start":{"line":312,"column":4},"end":{"line":320,"column":5}}},"21":{"name":"_send","line":343,"loc":{"start":{"line":343,"column":4},"end":{"line":353,"column":5}}},"22":{"name":"_burn","line":372,"loc":{"start":{"line":372,"column":4},"end":{"line":380,"column":5}}},"23":{"name":"_move","line":393,"loc":{"start":{"line":393,"column":4},"end":{"line":402,"column":5}}},"24":{"name":"_approve","line":410,"loc":{"start":{"line":410,"column":4},"end":{"line":410,"column":75}}},"25":{"name":"_callTokensToSend","line":429,"loc":{"start":{"line":429,"column":4},"end":{"line":438,"column":5}}},"26":{"name":"_callTokensReceived","line":456,"loc":{"start":{"line":456,"column":4},"end":{"line":466,"column":5}}}},"statementMap":{"1":{"start":{"line":71,"column":8},"end":{"line":71,"column":19}},"2":{"start":{"line":72,"column":8},"end":{"line":72,"column":23}},"3":{"start":{"line":74,"column":8},"end":{"line":74,"column":48}},"4":{"start":{"line":75,"column":8},"end":{"line":75,"column":3193}},"5":{"start":{"line":76,"column":12},"end":{"line":76,"column":62}},"6":{"start":{"line":80,"column":8},"end":{"line":80,"column":95}},"7":{"start":{"line":81,"column":8},"end":{"line":81,"column":94}},"8":{"start":{"line":88,"column":8},"end":{"line":88,"column":20}},"9":{"start":{"line":95,"column":8},"end":{"line":95,"column":22}},"10":{"start":{"line":105,"column":8},"end":{"line":105,"column":17}},"11":{"start":{"line":114,"column":8},"end":{"line":114,"column":16}},"12":{"start":{"line":121,"column":8},"end":{"line":121,"column":27}},"13":{"start":{"line":128,"column":8},"end":{"line":128,"column":37}},"14":{"start":{"line":137,"column":8},"end":{"line":137,"column":71}},"15":{"start":{"line":149,"column":8},"end":{"line":149,"column":79}},"16":{"start":{"line":151,"column":8},"end":{"line":151,"column":33}},"17":{"start":{"line":153,"column":8},"end":{"line":153,"column":63}},"18":{"start":{"line":155,"column":8},"end":{"line":155,"column":51}},"19":{"start":{"line":157,"column":8},"end":{"line":157,"column":72}},"20":{"start":{"line":159,"column":8},"end":{"line":159,"column":19}},"21":{"start":{"line":168,"column":8},"end":{"line":168,"column":54}},"22":{"start":{"line":178,"column":8},"end":{"line":178,"column":6162}},"23":{"start":{"line":187,"column":8},"end":{"line":187,"column":78}},"24":{"start":{"line":189,"column":8},"end":{"line":189,"column":6532}},"25":{"start":{"line":192,"column":12},"end":{"line":192,"column":50}},"26":{"start":{"line":195,"column":8},"end":{"line":195,"column":53}},"27":{"start":{"line":202,"column":8},"end":{"line":202,"column":75}},"28":{"start":{"line":204,"column":8},"end":{"line":204,"column":6994}},"29":{"start":{"line":205,"column":12},"end":{"line":205,"column":64}},"30":{"start":{"line":210,"column":8},"end":{"line":210,"column":50}},"31":{"start":{"line":217,"column":8},"end":{"line":217,"column":37}},"32":{"start":{"line":234,"column":8},"end":{"line":234,"column":97}},"33":{"start":{"line":235,"column":8},"end":{"line":235,"column":77}},"34":{"start":{"line":244,"column":8},"end":{"line":244,"column":98}},"35":{"start":{"line":245,"column":8},"end":{"line":245,"column":61}},"36":{"start":{"line":256,"column":8},"end":{"line":256,"column":43}},"37":{"start":{"line":265,"column":8},"end":{"line":265,"column":35}},"38":{"start":{"line":266,"column":8},"end":{"line":266,"column":39}},"39":{"start":{"line":267,"column":8},"end":{"line":267,"column":19}},"40":{"start":{"line":280,"column":8},"end":{"line":280,"column":79}},"41":{"start":{"line":281,"column":8},"end":{"line":281,"column":78}},"42":{"start":{"line":283,"column":8},"end":{"line":283,"column":36}},"43":{"start":{"line":285,"column":8},"end":{"line":285,"column":68}},"44":{"start":{"line":287,"column":8},"end":{"line":287,"column":56}},"45":{"start":{"line":288,"column":8},"end":{"line":288,"column":74}},"46":{"start":{"line":290,"column":8},"end":{"line":290,"column":77}},"47":{"start":{"line":292,"column":8},"end":{"line":292,"column":19}},"48":{"start":{"line":321,"column":8},"end":{"line":321,"column":73}},"49":{"start":{"line":324,"column":8},"end":{"line":324,"column":46}},"50":{"start":{"line":325,"column":8},"end":{"line":325,"column":58}},"51":{"start":{"line":327,"column":8},"end":{"line":327,"column":95}},"52":{"start":{"line":329,"column":8},"end":{"line":329,"column":70}},"53":{"start":{"line":330,"column":8},"end":{"line":330,"column":50}},"54":{"start":{"line":354,"column":8},"end":{"line":354,"column":72}},"55":{"start":{"line":355,"column":8},"end":{"line":355,"column":68}},"56":{"start":{"line":357,"column":8},"end":{"line":357,"column":76}},"57":{"start":{"line":359,"column":8},"end":{"line":359,"column":64}},"58":{"start":{"line":361,"column":8},"end":{"line":361,"column":99}},"59":{"start":{"line":381,"column":8},"end":{"line":381,"column":72}},"60":{"start":{"line":383,"column":8},"end":{"line":383,"column":80}},"61":{"start":{"line":386,"column":8},"end":{"line":386,"column":46}},"62":{"start":{"line":387,"column":8},"end":{"line":387,"column":52}},"63":{"start":{"line":389,"column":8},"end":{"line":389,"column":63}},"64":{"start":{"line":390,"column":8},"end":{"line":390,"column":47}},"65":{"start":{"line":403,"column":8},"end":{"line":403,"column":52}},"66":{"start":{"line":404,"column":8},"end":{"line":404,"column":48}},"67":{"start":{"line":406,"column":8},"end":{"line":406,"column":69}},"68":{"start":{"line":407,"column":8},"end":{"line":407,"column":39}},"69":{"start":{"line":414,"column":8},"end":{"line":414,"column":76}},"70":{"start":{"line":416,"column":8},"end":{"line":416,"column":43}},"71":{"start":{"line":417,"column":8},"end":{"line":417,"column":45}},"72":{"start":{"line":439,"column":8},"end":{"line":439,"column":98}},"73":{"start":{"line":440,"column":8},"end":{"line":440,"column":15233}},"74":{"start":{"line":441,"column":12},"end":{"line":441,"column":102}},"75":{"start":{"line":467,"column":8},"end":{"line":467,"column":99}},"76":{"start":{"line":468,"column":8},"end":{"line":468,"column":16461}},"77":{"start":{"line":469,"column":12},"end":{"line":469,"column":107}},"78":{"start":{"line":470,"column":15},"end":{"line":470,"column":16621}},"79":{"start":{"line":471,"column":12},"end":{"line":471,"column":117}}},"branchMap":{"1":{"line":149,"type":"if","locations":[{"start":{"line":149,"column":8},"end":{"line":149,"column":8}},{"start":{"line":149,"column":8},"end":{"line":149,"column":8}}]},"2":{"line":187,"type":"if","locations":[{"start":{"line":187,"column":8},"end":{"line":187,"column":8}},{"start":{"line":187,"column":8},"end":{"line":187,"column":8}}]},"3":{"line":189,"type":"if","locations":[{"start":{"line":189,"column":8},"end":{"line":189,"column":8}},{"start":{"line":189,"column":8},"end":{"line":189,"column":8}}]},"4":{"line":202,"type":"if","locations":[{"start":{"line":202,"column":8},"end":{"line":202,"column":8}},{"start":{"line":202,"column":8},"end":{"line":202,"column":8}}]},"5":{"line":204,"type":"if","locations":[{"start":{"line":204,"column":8},"end":{"line":204,"column":8}},{"start":{"line":204,"column":8},"end":{"line":204,"column":8}}]},"6":{"line":234,"type":"if","locations":[{"start":{"line":234,"column":8},"end":{"line":234,"column":8}},{"start":{"line":234,"column":8},"end":{"line":234,"column":8}}]},"7":{"line":244,"type":"if","locations":[{"start":{"line":244,"column":8},"end":{"line":244,"column":8}},{"start":{"line":244,"column":8},"end":{"line":244,"column":8}}]},"8":{"line":280,"type":"if","locations":[{"start":{"line":280,"column":8},"end":{"line":280,"column":8}},{"start":{"line":280,"column":8},"end":{"line":280,"column":8}}]},"9":{"line":281,"type":"if","locations":[{"start":{"line":281,"column":8},"end":{"line":281,"column":8}},{"start":{"line":281,"column":8},"end":{"line":281,"column":8}}]},"10":{"line":321,"type":"if","locations":[{"start":{"line":321,"column":8},"end":{"line":321,"column":8}},{"start":{"line":321,"column":8},"end":{"line":321,"column":8}}]},"11":{"line":354,"type":"if","locations":[{"start":{"line":354,"column":8},"end":{"line":354,"column":8}},{"start":{"line":354,"column":8},"end":{"line":354,"column":8}}]},"12":{"line":355,"type":"if","locations":[{"start":{"line":355,"column":8},"end":{"line":355,"column":8}},{"start":{"line":355,"column":8},"end":{"line":355,"column":8}}]},"13":{"line":381,"type":"if","locations":[{"start":{"line":381,"column":8},"end":{"line":381,"column":8}},{"start":{"line":381,"column":8},"end":{"line":381,"column":8}}]},"14":{"line":414,"type":"if","locations":[{"start":{"line":414,"column":8},"end":{"line":414,"column":8}},{"start":{"line":414,"column":8},"end":{"line":414,"column":8}}]},"15":{"line":440,"type":"if","locations":[{"start":{"line":440,"column":8},"end":{"line":440,"column":8}},{"start":{"line":440,"column":8},"end":{"line":440,"column":8}}]},"16":{"line":468,"type":"if","locations":[{"start":{"line":468,"column":8},"end":{"line":468,"column":8}},{"start":{"line":468,"column":8},"end":{"line":468,"column":8}}]},"17":{"line":470,"type":"if","locations":[{"start":{"line":470,"column":15},"end":{"line":470,"column":15}},{"start":{"line":470,"column":15},"end":{"line":470,"column":15}}]},"18":{"line":471,"type":"if","locations":[{"start":{"line":471,"column":12},"end":{"line":471,"column":12}},{"start":{"line":471,"column":12},"end":{"line":471,"column":12}}]}}},"contracts\\NonTransferableToken.sol":{"l":{"20":0,"21":0,"33":0,"34":0,"47":0,"48":0,"57":0,"58":0,"67":0,"68":0,"75":0,"76":0,"83":0,"84":0},"path":"C:/Users/MA/Documents/GitHub/Trusted-Token/contracts/NonTransferableToken.sol","s":{"1":0,"2":0,"3":0,"4":0,"5":0,"6":0,"7":0,"8":0,"9":0,"10":0,"11":0,"12":0,"13":0,"14":0},"b":{},"f":{"1":0,"2":0,"3":0,"4":0,"5":0,"6":0,"7":0},"fnMap":{"1":{"name":"send","line":19,"loc":{"start":{"line":19,"column":4},"end":{"line":19,"column":80}}},"2":{"name":"transfer","line":32,"loc":{"start":{"line":32,"column":4},"end":{"line":32,"column":78}}},"3":{"name":"transferFrom","line":46,"loc":{"start":{"line":46,"column":4},"end":{"line":46,"column":98}}},"4":{"name":"approve","line":56,"loc":{"start":{"line":56,"column":4},"end":{"line":56,"column":74}}},"5":{"name":"burn","line":66,"loc":{"start":{"line":66,"column":4},"end":{"line":66,"column":61}}},"6":{"name":"authorizeOperator","line":74,"loc":{"start":{"line":74,"column":4},"end":{"line":74,"column":55}}},"7":{"name":"revokeOperator","line":82,"loc":{"start":{"line":82,"column":4},"end":{"line":82,"column":52}}}},"statementMap":{"1":{"start":{"line":20,"column":6},"end":{"line":20,"column":74}},"2":{"start":{"line":21,"column":6},"end":{"line":21,"column":44}},"3":{"start":{"line":33,"column":6},"end":{"line":33,"column":76}},"4":{"start":{"line":34,"column":6},"end":{"line":34,"column":44}},"5":{"start":{"line":47,"column":6},"end":{"line":47,"column":76}},"6":{"start":{"line":48,"column":6},"end":{"line":48,"column":44}},"7":{"start":{"line":57,"column":6},"end":{"line":57,"column":72}},"8":{"start":{"line":58,"column":6},"end":{"line":58,"column":44}},"9":{"start":{"line":67,"column":6},"end":{"line":67,"column":75}},"10":{"start":{"line":68,"column":6},"end":{"line":68,"column":40}},"11":{"start":{"line":75,"column":6},"end":{"line":75,"column":79}},"12":{"start":{"line":76,"column":6},"end":{"line":76,"column":55}},"13":{"start":{"line":83,"column":6},"end":{"line":83,"column":76}},"14":{"start":{"line":84,"column":6},"end":{"line":84,"column":55}}},"branchMap":{}},"contracts\\PenaltyToken.sol":{"l":{"24":9,"25":9,"26":9},"path":"C:/Users/MA/Documents/GitHub/Trusted-Token/contracts/PenaltyToken.sol","s":{"1":9,"2":9,"3":9},"b":{"1":[9,0],"2":[9,0]},"f":{"1":3,"2":9},"fnMap":{"1":{"name":"constructor","line":15,"loc":{"start":{"line":15,"column":4},"end":{"line":15,"column":104}}},"2":{"name":"operatorMint","line":23,"loc":{"start":{"line":23,"column":4},"end":{"line":23,"column":115}}}},"statementMap":{"1":{"start":{"line":24,"column":7},"end":{"line":24,"column":70}},"2":{"start":{"line":25,"column":7},"end":{"line":25,"column":97}},"3":{"start":{"line":26,"column":6},"end":{"line":26,"column":59}}},"branchMap":{"1":{"line":24,"type":"if","locations":[{"start":{"line":24,"column":7},"end":{"line":24,"column":7}},{"start":{"line":24,"column":7},"end":{"line":24,"column":7}}]},"2":{"line":25,"type":"if","locations":[{"start":{"line":25,"column":7},"end":{"line":25,"column":7}},{"start":{"line":25,"column":7},"end":{"line":25,"column":7}}]}}},"contracts\\ReputationToken.sol":{"l":{"24":18,"25":18,"26":18},"path":"C:/Users/MA/Documents/GitHub/Trusted-Token/contracts/ReputationToken.sol","s":{"1":18,"2":18,"3":18},"b":{"1":[18,0],"2":[18,0]},"f":{"1":3,"2":18},"fnMap":{"1":{"name":"constructor","line":15,"loc":{"start":{"line":15,"column":4},"end":{"line":15,"column":108}}},"2":{"name":"operatorMint","line":23,"loc":{"start":{"line":23,"column":4},"end":{"line":23,"column":115}}}},"statementMap":{"1":{"start":{"line":24,"column":7},"end":{"line":24,"column":70}},"2":{"start":{"line":25,"column":7},"end":{"line":25,"column":97}},"3":{"start":{"line":26,"column":6},"end":{"line":26,"column":59}}},"branchMap":{"1":{"line":24,"type":"if","locations":[{"start":{"line":24,"column":7},"end":{"line":24,"column":7}},{"start":{"line":24,"column":7},"end":{"line":24,"column":7}}]},"2":{"line":25,"type":"if","locations":[{"start":{"line":25,"column":7},"end":{"line":25,"column":7}},{"start":{"line":25,"column":7},"end":{"line":25,"column":7}}]}}},"contracts\\RewardToken.sol":{"l":{"24":9,"25":9,"26":9,"34":0,"35":0,"40":0,"41":0,"47":0,"48":0},"path":"C:/Users/MA/Documents/GitHub/Trusted-Token/contracts/RewardToken.sol","s":{"1":9,"2":9,"3":9,"4":0,"5":0,"6":0,"7":0,"8":0,"9":0},"b":{"1":[9,0],"2":[9,0],"3":[0,0],"4":[0,0],"5":[0,0]},"f":{"1":3,"2":9,"3":0,"4":0,"5":0},"fnMap":{"1":{"name":"constructor","line":14,"loc":{"start":{"line":14,"column":4},"end":{"line":15,"column":133}}},"2":{"name":"operatorMint","line":23,"loc":{"start":{"line":23,"column":4},"end":{"line":23,"column":115}}},"3":{"name":"send","line":33,"loc":{"start":{"line":33,"column":4},"end":{"line":33,"column":76}}},"4":{"name":"transfer","line":39,"loc":{"start":{"line":39,"column":4},"end":{"line":39,"column":76}}},"5":{"name":"transferFrom","line":46,"loc":{"start":{"line":46,"column":4},"end":{"line":46,"column":96}}}},"statementMap":{"1":{"start":{"line":24,"column":7},"end":{"line":24,"column":70}},"2":{"start":{"line":25,"column":7},"end":{"line":25,"column":97}},"3":{"start":{"line":26,"column":7},"end":{"line":26,"column":60}},"4":{"start":{"line":34,"column":8},"end":{"line":34,"column":65}},"5":{"start":{"line":35,"column":8},"end":{"line":35,"column":36}},"6":{"start":{"line":40,"column":8},"end":{"line":40,"column":65}},"7":{"start":{"line":41,"column":8},"end":{"line":41,"column":34}},"8":{"start":{"line":47,"column":8},"end":{"line":47,"column":65}},"9":{"start":{"line":48,"column":8},"end":{"line":48,"column":46}}},"branchMap":{"1":{"line":24,"type":"if","locations":[{"start":{"line":24,"column":7},"end":{"line":24,"column":7}},{"start":{"line":24,"column":7},"end":{"line":24,"column":7}}]},"2":{"line":25,"type":"if","locations":[{"start":{"line":25,"column":7},"end":{"line":25,"column":7}},{"start":{"line":25,"column":7},"end":{"line":25,"column":7}}]},"3":{"line":34,"type":"if","locations":[{"start":{"line":34,"column":8},"end":{"line":34,"column":8}},{"start":{"line":34,"column":8},"end":{"line":34,"column":8}}]},"4":{"line":40,"type":"if","locations":[{"start":{"line":40,"column":8},"end":{"line":40,"column":8}},{"start":{"line":40,"column":8},"end":{"line":40,"column":8}}]},"5":{"line":47,"type":"if","locations":[{"start":{"line":47,"column":8},"end":{"line":47,"column":8}},{"start":{"line":47,"column":8},"end":{"line":47,"column":8}}]}}}}